<?xml version="1.0" encoding="UTF-8"?>
<testsuite xmlns:xsi="http://www.w3.org/2001/XMLSchema-instance" xsi:noNamespaceSchemaLocation="https://maven.apache.org/surefire/maven-surefire-plugin/xsd/surefire-test-report-3.0.xsd" version="3.0" name="com.borland.silk4j.maven.demo.KeywordTest" time="1.654" tests="1" errors="1" skipped="0" failures="0">
  <properties>
    <property name="java.specification.version" value="23"/>
    <property name="sun.cpu.isalist" value="amd64"/>
    <property name="sun.jnu.encoding" value="Cp1252"/>
    <property name="java.class.path" value="C:\W\workspace\silk4j.maven.demo\target\test-classes;C:\W\workspace\silk4j.maven.demo\target\classes;C:\Users\demo\.m2\repository\com\borland\silktest\jtf\21.0.2\jtf-21.0.2.jar;C:\Users\demo\.m2\repository\junit\junit\4.13.2\junit-4.13.2.jar;C:\Users\demo\.m2\repository\org\hamcrest\hamcrest-core\1.3\hamcrest-core-1.3.jar;C:\Users\demo\.m2\repository\com\borland\silktest\keyworddriven.engine\21.0.2\keyworddriven.engine-21.0.2.jar;"/>
    <property name="java.vm.vendor" value="Eclipse Adoptium"/>
    <property name="sun.arch.data.model" value="64"/>
    <property name="user.variant" value=""/>
    <property name="java.vendor.url" value="https://adoptium.net/"/>
    <property name="user.timezone" value="Europe/Berlin"/>
    <property name="user.country.format" value="DE"/>
    <property name="os.name" value="Windows Server 2019"/>
    <property name="java.vm.specification.version" value="23"/>
    <property name="sun.java.launcher" value="SUN_STANDARD"/>
    <property name="user.country" value="US"/>
    <property name="sun.boot.library.path" value="C:\Users\demo\.p2\pool\plugins\org.eclipse.justj.openjdk.hotspot.jre.full.win32.x86_64_23.0.0.v20240919-1706\jre\bin"/>
    <property name="sun.java.command" value="C:\Users\demo\AppData\Local\Temp\1\surefire8697644822312363296\surefirebooter-20241021165006316_3.jar C:\Users\demo\AppData\Local\Temp\1\surefire8697644822312363296 2024-10-21T16-50-06_016-jvmRun1 surefire-20241021165006316_1tmp surefire_0-20241021165006316_2tmp"/>
    <property name="jdk.debug" value="release"/>
    <property name="surefire.test.class.path" value="C:\W\workspace\silk4j.maven.demo\target\test-classes;C:\W\workspace\silk4j.maven.demo\target\classes;C:\Users\demo\.m2\repository\com\borland\silktest\jtf\21.0.2\jtf-21.0.2.jar;C:\Users\demo\.m2\repository\junit\junit\4.13.2\junit-4.13.2.jar;C:\Users\demo\.m2\repository\org\hamcrest\hamcrest-core\1.3\hamcrest-core-1.3.jar;C:\Users\demo\.m2\repository\com\borland\silktest\keyworddriven.engine\21.0.2\keyworddriven.engine-21.0.2.jar;"/>
    <property name="sun.cpu.endian" value="little"/>
    <property name="user.home" value="C:\Users\demo"/>
    <property name="user.language" value="en"/>
    <property name="java.specification.vendor" value="Oracle Corporation"/>
    <property name="java.version.date" value="2024-09-17"/>
    <property name="java.home" value="C:\Users\demo\.p2\pool\plugins\org.eclipse.justj.openjdk.hotspot.jre.full.win32.x86_64_23.0.0.v20240919-1706\jre"/>
    <property name="file.separator" value="\"/>
    <property name="basedir" value="C:\W\workspace\silk4j.maven.demo"/>
    <property name="style.color" value="always"/>
    <property name="java.vm.compressedOopsMode" value="Zero based"/>
    <property name="line.separator" value="&#10;"/>
    <property name="java.vm.specification.vendor" value="Oracle Corporation"/>
    <property name="java.specification.name" value="Java Platform API Specification"/>
    <property name="surefire.real.class.path" value="C:\Users\demo\AppData\Local\Temp\1\surefire8697644822312363296\surefirebooter-20241021165006316_3.jar"/>
    <property name="user.script" value=""/>
    <property name="sun.management.compiler" value="HotSpot 64-Bit Tiered Compilers"/>
    <property name="java.runtime.version" value="23+37"/>
    <property name="user.name" value="demo"/>
    <property name="stdout.encoding" value="Cp1252"/>
    <property name="path.separator" value=";"/>
    <property name="os.version" value="10.0"/>
    <property name="java.runtime.name" value="OpenJDK Runtime Environment"/>
    <property name="file.encoding" value="UTF-8"/>
    <property name="java.vm.name" value="OpenJDK 64-Bit Server VM"/>
    <property name="java.vendor.version" value="Temurin-23+37"/>
    <property name="localRepository" value="C:\Users\demo\.m2\repository"/>
    <property name="java.vendor.url.bug" value="https://github.com/adoptium/adoptium-support/issues"/>
    <property name="java.io.tmpdir" value="C:\Users\demo\AppData\Local\Temp\1\"/>
    <property name="java.version" value="23"/>
    <property name="user.dir" value="C:\W\workspace\silk4j.maven.demo"/>
    <property name="os.arch" value="amd64"/>
    <property name="java.vm.specification.name" value="Java Virtual Machine Specification"/>
    <property name="user.language.format" value="de"/>
    <property name="sun.os.patch.level" value=""/>
    <property name="native.encoding" value="Cp1252"/>
    <property name="java.library.path" value="C:\Users\demo\.p2\pool\plugins\org.eclipse.justj.openjdk.hotspot.jre.full.win32.x86_64_23.0.0.v20240919-1706\jre\bin;C:\Windows\Sun\Java\bin;C:\Windows\system32;C:\Windows;C:/Users/demo/.p2/pool/plugins/org.eclipse.justj.openjdk.hotspot.jre.full.win32.x86_64_23.0.0.v20240919-1706/jre/bin/server;C:/Users/demo/.p2/pool/plugins/org.eclipse.justj.openjdk.hotspot.jre.full.win32.x86_64_23.0.0.v20240919-1706/jre/bin;C:\program files (x86)\OpenText\UFT One\bin\WebDriver;C:\program files (x86)\OpenText\UFT One\bin;C:\Program Files (x86)\Micro Focus\Reflection\;C:\Program Files\OpenText\NV\lib\shunra\vcat;C:\Program Files (x86)\OpenText\LoadRunner\bin\DevWeb;C:\Python312\Scripts\;C:\Python312\;C:\Program Files\Eclipse Adoptium\jdk-17.0.12.7-hotspot\bin;C:\Program Files\Eclipse Adoptium\jdk-11.0.24.8-hotspot\bin;C:\Windows\system32;C:\Windows;C:\Windows\System32\Wbem;C:\Windows\System32\WindowsPowerShell\v1.0\;C:\Windows\System32\OpenSSH\;C:\ProgramData\chocolatey\bin;C:\opscode\chef\bin\;C:\Program Files\PostgreSQL\12\bin;C:\ProgramData\chocolatey\lib\maven\apache-maven-3.9.8\bin;C:\Program Files\Git\cmd;C:\strawberry\c\bin;C:\strawberry\perl\site\bin;C:\strawberry\perl\bin;C:\Program Files\Microsoft VS Code\bin;C:\Users\demo\AppData\Local\Microsoft\WindowsApps;C:\Users\demo\AppData\Roaming\npm;C:\tools\Cmder;C:\Program Files (x86)\Microsoft SQL Server\160\Tools\Binn\;C:\Program Files\Microsoft SQL Server\160\Tools\Binn\;C:\Program Files\Microsoft SQL Server\Client SDK\ODBC\170\Tools\Binn\;C:\Program Files\Microsoft SQL Server\160\DTS\Binn\;C:\Program Files (x86)\Microsoft SQL Server\160\DTS\Binn\;C:\Program Files (x86)\dotnet\;C:\Program Files\dotnet\;C:\Program Files (x86)\OpenText\UFT One\bin;C:\Program Files (x86)\Silk\Silk Central 21.1 Execution Server\bin;C:\Program Files\nodejs\;C:\Program Files (x86)\Silk\SilkTest;C:\Users\demo\AppData\Local\Microsoft\WindowsApps;C:\tools\Cmder;C:\Users\demo\AppData\Roaming\npm;C:\Program Files (x86)\Silk\SilkTest\ng\jre\bin;C:\Program Files\Eclipse24.09\eclipse;;."/>
    <property name="java.vm.info" value="mixed mode, sharing"/>
    <property name="stderr.encoding" value="Cp1252"/>
    <property name="java.vendor" value="Eclipse Adoptium"/>
    <property name="java.vm.version" value="23+37"/>
    <property name="sun.io.unicode.encoding" value="UnicodeLittle"/>
    <property name="java.class.version" value="67.0"/>
  </properties>
  <testcase name="ByAndCheckout" classname="com.borland.silktest.jtf.keyworddriven.KeywordRunner" time="0.043">
    <error message="Keyword-driven test &apos;ByAndCheckout&apos; not found" type="com.borland.silk.keyworddriven.engine.exceptions.KeywordDrivenTestNotFoundException"><![CDATA[com.borland.silk.keyworddriven.engine.exceptions.KeywordDrivenTestNotFoundException: Keyword-driven test 'ByAndCheckout' not found
	at com.borland.silk.keyworddriven.engine.Engine.run(Engine.java:280)
	at com.borland.silk.keyworddriven.engine.Engine.run(Engine.java:227)
	at com.borland.silktest.jtf.keyworddriven.KeywordRunner.run(KeywordRunner.java:58)
	at org.junit.runners.Suite.runChild(Suite.java:128)
	at org.junit.runners.Suite.runChild(Suite.java:27)
	at org.junit.runners.ParentRunner$4.run(ParentRunner.java:331)
	at org.junit.runners.ParentRunner$1.schedule(ParentRunner.java:79)
	at org.junit.runners.ParentRunner.runChildren(ParentRunner.java:329)
	at org.junit.runners.ParentRunner.access$100(ParentRunner.java:66)
	at org.junit.runners.ParentRunner$2.evaluate(ParentRunner.java:293)
	at org.junit.runners.ParentRunner$3.evaluate(ParentRunner.java:306)
	at org.junit.runners.ParentRunner.run(ParentRunner.java:413)
	at com.borland.silktest.jtf.SilkTestSuite.access$001(SilkTestSuite.java:128)
	at com.borland.silktest.jtf.SilkTestSuite.lambda$run$0(SilkTestSuite.java:152)
	at com.borland.silktest.jtf.internal.TrueLogSuiteRunner.run(TrueLogSuiteRunner.java:37)
	at com.borland.silktest.jtf.SilkTestSuite.run(SilkTestSuite.java:153)
	at org.apache.maven.surefire.junit4.JUnit4Provider.execute(JUnit4Provider.java:316)
	at org.apache.maven.surefire.junit4.JUnit4Provider.executeWithRerun(JUnit4Provider.java:240)
	at org.apache.maven.surefire.junit4.JUnit4Provider.executeTestSet(JUnit4Provider.java:214)
	at org.apache.maven.surefire.junit4.JUnit4Provider.invoke(JUnit4Provider.java:155)
	at org.apache.maven.surefire.booter.ForkedBooter.runSuitesInProcess(ForkedBooter.java:385)
	at org.apache.maven.surefire.booter.ForkedBooter.execute(ForkedBooter.java:162)
	at org.apache.maven.surefire.booter.ForkedBooter.run(ForkedBooter.java:507)
	at org.apache.maven.surefire.booter.ForkedBooter.main(ForkedBooter.java:495)
]]></error>
    <system-err><![CDATA[com.borland.silk.keyworddriven.engine.exceptions.KeywordDrivenTestNotFoundException: Keyword-driven test 'ByAndCheckout' not found
	at com.borland.silk.keyworddriven.engine.Engine.run(Engine.java:280)
	at com.borland.silk.keyworddriven.engine.Engine.run(Engine.java:227)
	at com.borland.silktest.jtf.keyworddriven.KeywordRunner.run(KeywordRunner.java:58)
	at org.junit.runners.Suite.runChild(Suite.java:128)
	at org.junit.runners.Suite.runChild(Suite.java:27)
	at org.junit.runners.ParentRunner$4.run(ParentRunner.java:331)
	at org.junit.runners.ParentRunner$1.schedule(ParentRunner.java:79)
	at org.junit.runners.ParentRunner.runChildren(ParentRunner.java:329)
	at org.junit.runners.ParentRunner.access$100(ParentRunner.java:66)
	at org.junit.runners.ParentRunner$2.evaluate(ParentRunner.java:293)
	at org.junit.runners.ParentRunner$3.evaluate(ParentRunner.java:306)
	at org.junit.runners.ParentRunner.run(ParentRunner.java:413)
	at com.borland.silktest.jtf.SilkTestSuite.access$001(SilkTestSuite.java:128)
	at com.borland.silktest.jtf.SilkTestSuite.lambda$run$0(SilkTestSuite.java:152)
	at com.borland.silktest.jtf.internal.TrueLogSuiteRunner.run(TrueLogSuiteRunner.java:37)
	at com.borland.silktest.jtf.SilkTestSuite.run(SilkTestSuite.java:153)
	at org.apache.maven.surefire.junit4.JUnit4Provider.execute(JUnit4Provider.java:316)
	at org.apache.maven.surefire.junit4.JUnit4Provider.executeWithRerun(JUnit4Provider.java:240)
	at org.apache.maven.surefire.junit4.JUnit4Provider.executeTestSet(JUnit4Provider.java:214)
	at org.apache.maven.surefire.junit4.JUnit4Provider.invoke(JUnit4Provider.java:155)
	at org.apache.maven.surefire.booter.ForkedBooter.runSuitesInProcess(ForkedBooter.java:385)
	at org.apache.maven.surefire.booter.ForkedBooter.execute(ForkedBooter.java:162)
	at org.apache.maven.surefire.booter.ForkedBooter.run(ForkedBooter.java:507)
	at org.apache.maven.surefire.booter.ForkedBooter.main(ForkedBooter.java:495)
]]></system-err>
  </testcase>
</testsuite>